<?xml version="1.0" encoding="UTF-8"?>
<!-- Generated by org.testng.reporters.JUnitReportReporter -->
<testsuite hostname="INLAVR9W92" failures="0" tests="3" name="com.qa.hubspot.tests.LoginPageTest" time="0.360" errors="0" timestamp="18 Apr 2022 10:12:31 GMT" skipped="0">
  <testcase classname="com.qa.hubspot.tests.LoginPageTest" name="VerifySignUpLinkExists" time="0.053"/>
  <testcase classname="com.qa.hubspot.tests.LoginPageTest" name="verifyLoginPageTitleTest" time="0.018"/>
  <testcase classname="com.qa.hubspot.tests.LoginPageTest" name="VerifydoLoginTest" time="0.289"/>
</testsuite> <!-- com.qa.hubspot.tests.LoginPageTest -->
