<?xml version="1.0" encoding="UTF-8"?>
<!-- Generated by org.testng.reporters.JUnitReportReporter -->
<testsuite skipped="0" hostname="TRI03L-5TH09Z1" name="com.qa.hubspot.tests.SingUpPageTest" tests="6" failures="0" timestamp="25 Aug 2020 18:04:55 GMT" time="15.204" errors="0">
  <testcase name="verifyClickOnSignUpTest" time="7.654" classname="com.qa.hubspot.tests.SingUpPageTest"/>
  <testcase name="verifyGoogleLinkExistsTest" time="2.831" classname="com.qa.hubspot.tests.SingUpPageTest"/>
  <testcase name="verifySingUpPageTitleTest" time="0.024" classname="com.qa.hubspot.tests.SingUpPageTest"/>
  <testcase name="verifyEnterValuesTest" time="4.609" classname="com.qa.hubspot.tests.SingUpPageTest"/>
  <testcase name="verifyGmailTest" time="0.048" classname="com.qa.hubspot.tests.SingUpPageTest"/>
  <testcase name="verifyHeaderAvaialbleTest" time="0.038" classname="com.qa.hubspot.tests.SingUpPageTest"/>
</testsuite> <!-- com.qa.hubspot.tests.SingUpPageTest -->
