<?xml version="1.0" encoding="UTF-8"?>
<!-- Generated by org.testng.reporters.JUnitReportReporter -->
<testsuite skipped="0" hostname="TRI03L-5TH09Z1" name="com.qa.hubspot.tests.HomePageTest" tests="5" failures="0" timestamp="28 Aug 2020 16:26:56 GMT" time="23.935" errors="0">
  <testcase name="verifyHeaderValueTest" time="13.083" classname="com.qa.hubspot.tests.HomePageTest"/>
  <testcase name="verifyHomePageTitleTest" time="0.052" classname="com.qa.hubspot.tests.HomePageTest"/>
  <testcase name="verifyGetAccountNameTest" time="0.404" classname="com.qa.hubspot.tests.HomePageTest"/>
  <testcase name="verifyClickOnStartImportTest" time="10.300" classname="com.qa.hubspot.tests.HomePageTest"/>
  <testcase name="isSettingsExistTest" time="0.096" classname="com.qa.hubspot.tests.HomePageTest"/>
</testsuite> <!-- com.qa.hubspot.tests.HomePageTest -->
